<?xml version="1.0" encoding="UTF-8"?>
<!-- Generated by org.testng.reporters.JUnitReportReporter -->
<testsuite hostname="DESKTOP-KACRRKI" failures="0" tests="1" name="test.com.itexps.CalculatorTest" time="0.014" errors="0" timestamp="16 Sep 2024 20:54:25 GMT">
  <testcase classname="test.com.itexps.CalculatorTest" name="testAdd" time="0.014"/>
</testsuite> <!-- test.com.itexps.CalculatorTest -->
